[debug] [2026-03-28T09:33:49.030Z] ----------------------------------------------------------------------
[debug] [2026-03-28T09:33:49.032Z] Command:       C:\Program Files\nodejs\node.exe C:\Users\ashen\OneDrive\Desktop\Cursor_Hackathon\functions\node_modules\firebase-tools\lib\bin\firebase.js emulators:start --only functions
[debug] [2026-03-28T09:33:49.032Z] CLI Version:   14.27.0
[debug] [2026-03-28T09:33:49.032Z] Platform:      win32
[debug] [2026-03-28T09:33:49.032Z] Node Version:  v24.14.1
[debug] [2026-03-28T09:33:49.032Z] Time:          Sat Mar 28 2026 12:33:49 GMT+0300 (East Africa Time)
[debug] [2026-03-28T09:33:49.032Z] ----------------------------------------------------------------------
[debug] 
[debug] [2026-03-28T09:33:49.157Z] > command requires scopes: ["email","openid","https://www.googleapis.com/auth/cloudplatformprojects.readonly","https://www.googleapis.com/auth/firebase","https://www.googleapis.com/auth/cloud-platform"]
[debug] Failed to authenticate, have you run firebase login?
[warn] !  emulators: You are not currently authenticated so some features may not work correctly. Please run firebase login to authenticate the CLI. 
[info] i  emulators: Starting emulators: functions {"metadata":{"emulator":{"name":"hub"},"message":"Starting emulators: functions"}}
[warn] !  hub: emulator hub unable to start on port 4400, starting on 4401 instead. {"metadata":{"emulator":{"name":"hub"},"message":"emulator hub unable to start on port 4400, starting on 4401 instead."}}
[warn] !  ui: Emulator UI unable to start on port 4000, starting on 4001 instead. {"metadata":{"emulator":{"name":"ui"},"message":"Emulator UI unable to start on port 4000, starting on 4001 instead."}}
[warn] !  logging: Logging Emulator unable to start on port 4500, starting on 4501 instead. {"metadata":{"emulator":{"name":"logging"},"message":"Logging Emulator unable to start on port 4500, starting on 4501 instead."}}
[debug] [2026-03-28T09:33:49.181Z] [logging] Logging Emulator only supports listening on one address (127.0.0.1). Not listening on ::1
[debug] [2026-03-28T09:33:49.182Z] assigned listening specs for emulators {"user":{"hub":[{"address":"127.0.0.1","family":"IPv4","port":4401},{"address":"::1","family":"IPv6","port":4401}],"ui":[{"address":"127.0.0.1","family":"IPv4","port":4001},{"address":"::1","family":"IPv6","port":4001}],"logging":[{"address":"127.0.0.1","family":"IPv4","port":4501}]},"metadata":{"message":"assigned listening specs for emulators"}}
[debug] [2026-03-28T09:33:49.184Z] Emulator locator file path: C:\Users\ashen\AppData\Local\Temp\hub-lifelink-20ac5.json
[debug] [2026-03-28T09:33:49.184Z] [hub] writing locator at C:\Users\ashen\AppData\Local\Temp\hub-lifelink-20ac5.json
[warn] !  eventarc: Eventarc Emulator unable to start on port 9299, starting on 9300 instead. {"metadata":{"emulator":{"name":"eventarc"},"message":"Eventarc Emulator unable to start on port 9299, starting on 9300 instead."}}
[debug] [2026-03-28T09:33:49.204Z] [eventarc] Eventarc Emulator only supports listening on one address (127.0.0.1). Not listening on ::1
[warn] !  tasks: Cloud Tasks Emulator unable to start on port 9499, starting on 9500 instead. {"metadata":{"emulator":{"name":"tasks"},"message":"Cloud Tasks Emulator unable to start on port 9499, starting on 9500 instead."}}
[debug] [2026-03-28T09:33:49.204Z] [tasks] Cloud Tasks Emulator only supports listening on one address (127.0.0.1). Not listening on ::1
[debug] [2026-03-28T09:33:49.204Z] late-assigned ports for functions and eventarc emulators {"user":{"hub":[{"address":"127.0.0.1","family":"IPv4","port":4401},{"address":"::1","family":"IPv6","port":4401}],"ui":[{"address":"127.0.0.1","family":"IPv4","port":4001},{"address":"::1","family":"IPv6","port":4001}],"logging":[{"address":"127.0.0.1","family":"IPv4","port":4501}],"functions":[{"address":"0.0.0.0","family":"IPv4","port":5002}],"eventarc":[{"address":"127.0.0.1","family":"IPv4","port":9300}],"tasks":[{"address":"127.0.0.1","family":"IPv4","port":9500}]},"metadata":{"message":"late-assigned ports for functions and eventarc emulators"}}
[warn] !  functions: The following emulators are not running, calls to these services from the Functions emulator will affect production: apphosting, auth, firestore, database, hosting, pubsub, storage, dataconnect {"metadata":{"emulator":{"name":"functions"},"message":"The following emulators are not running, calls to these services from the Functions emulator will affect production: \u001b[1mapphosting, auth, firestore, database, hosting, pubsub, storage, dataconnect\u001b[22m"}}
[debug] [2026-03-28T09:33:49.207Z] No OAuth tokens found
[debug] [2026-03-28T09:33:49.207Z] No OAuth tokens found
[debug] [2026-03-28T09:33:49.208Z] > command requires scopes: ["email","openid","https://www.googleapis.com/auth/cloudplatformprojects.readonly","https://www.googleapis.com/auth/firebase","https://www.googleapis.com/auth/cloud-platform"]
[debug] [2026-03-28T09:33:49.208Z] Failed to get Admin SDK config for lifelink-20ac5, falling back to cache Failed to get Admin SDK for Firebase project lifelink-20ac5. Please make sure the project exists and your account has permission to access it. {"name":"FirebaseError","children":[],"exit":2,"message":"Failed to get Admin SDK for Firebase project lifelink-20ac5. Please make sure the project exists and your account has permission to access it.","original":{"name":"FirebaseError","children":[],"exit":1,"message":"Failed to authenticate, have you run \u001b[1mfirebase login\u001b[22m?","original":{},"status":500},"status":500}
[warn] !  functions: Unable to fetch project Admin SDK configuration, Admin SDK behavior in Cloud Functions emulator may be incorrect. {"metadata":{"emulator":{"name":"functions"},"message":"Unable to fetch project Admin SDK configuration, Admin SDK behavior in Cloud Functions emulator may be incorrect."}}
[info] i  functions: Watching "C:\Users\ashen\OneDrive\Desktop\Cursor_Hackathon\functions" for Cloud Functions... {"metadata":{"emulator":{"name":"functions"},"message":"Watching \"C:\\Users\\ashen\\OneDrive\\Desktop\\Cursor_Hackathon\\functions\" for Cloud Functions..."}}
[debug] [2026-03-28T09:33:49.227Z] Validating nodejs source
[warn] !  functions: package.json indicates an outdated version of firebase-functions. Please upgrade using npm install --save firebase-functions@latest in your functions directory. 
[warn] !  functions: Please note that there will be breaking changes when you upgrade. 
[debug] [2026-03-28T09:33:49.818Z] > [functions] package.json contents: {
  "name": "lifelink-functions",
  "private": true,
  "main": "lib/index.js",
  "engines": {
    "node": "20"
  },
  "scripts": {
    "build": "tsc",
    "serve": "firebase emulators:start --only functions",
    "deploy": "firebase deploy --only functions"
  },
  "dependencies": {
    "cors": "^2.8.5",
    "firebase-admin": "^13.5.0",
    "firebase-functions": "^6.6.0"
  },
  "devDependencies": {
    "@types/cors": "^2.8.19",
    "firebase-tools": "^14.17.0",
    "typescript": "^5.9.3"
  }
}
[debug] [2026-03-28T09:33:49.819Z] Building nodejs source
[debug] [2026-03-28T09:33:49.819Z] Failed to find version of module node: reached end of search path C:\Users\ashen\OneDrive\Desktop\Cursor_Hackathon\functions\node_modules
[warn] !  functions: Your requested "node" version "20" doesn't match your global version "24". Using node@24 from host. 
[info] i  functions: Loaded environment variables from .env. 
[debug] [2026-03-28T09:33:49.821Z] Could not find functions.yaml. Must use http discovery
[debug] [2026-03-28T09:33:49.826Z] Found firebase-functions binary at 'C:\Users\ashen\OneDrive\Desktop\Cursor_Hackathon\functions\node_modules\.bin\firebase-functions'
[info] Serving at port 8161

[debug] [2026-03-28T09:33:50.214Z] Got response from /__/functions.yaml {"endpoints":{"mpesaProxy":{"availableMemoryMb":null,"timeoutSeconds":null,"minInstances":null,"maxInstances":null,"ingressSettings":null,"concurrency":null,"serviceAccountEmail":null,"vpc":null,"platform":"gcfv2","region":["us-central1"],"labels":{},"httpsTrigger":{},"entryPoint":"mpesaProxy"}},"specVersion":"v1alpha1","requiredAPIs":[],"extensions":{}}
[info] +  functions: Loaded functions definitions from source: mpesaProxy. {"metadata":{"emulator":{"name":"functions"},"message":"Loaded functions definitions from source: mpesaProxy."}}
[info] +  functions[us-central1-mpesaProxy]: http function initialized (http://127.0.0.1:5002/lifelink-20ac5/us-central1/mpesaProxy). {"metadata":{"emulator":{"name":"functions"},"message":"\u001b[1mhttp\u001b[22m function initialized (http://127.0.0.1:5002/lifelink-20ac5/us-central1/mpesaProxy)."}}
[debug] [2026-03-28T09:33:54.260Z] Could not find VSCode notification endpoint: FetchError: request to http://localhost:40001/vscode/notify failed, reason: . If you are not running the Firebase Data Connect VSCode extension, this is expected and not an issue.
[info] 
┌─────────────────────────────────────────────────────────────┐
│ ✔  All emulators ready! It is now safe to connect your app. │
│ i  View Emulator UI at http://127.0.0.1:4001/               │
└─────────────────────────────────────────────────────────────┘

┌───────────┬──────────────┬─────────────────────────────────┐
│ Emulator  │ Host:Port    │ View in Emulator UI             │
├───────────┼──────────────┼─────────────────────────────────┤
│ Functions │ 0.0.0.0:5002 │ http://127.0.0.1:4001/functions │
└───────────┴──────────────┴─────────────────────────────────┘
  Emulator Hub host: 127.0.0.1 port: 4401
  Other reserved ports: 4501

Issues? Report them at https://github.com/firebase/firebase-tools/issues and attach the *-debug.log files.
 
[debug] [2026-03-28T09:34:14.326Z] [work-queue] {"queuedWork":["/lifelink-20ac5/us-central1/mpesaProxy/access-token-2026-03-28T09:34:14.325Z"],"queueLength":1,"runningWork":[],"workRunningCount":0}
[debug] [2026-03-28T09:34:14.326Z] [work-queue] {"queuedWork":[],"queueLength":0,"runningWork":["/lifelink-20ac5/us-central1/mpesaProxy/access-token-2026-03-28T09:34:14.325Z"],"workRunningCount":1}
[debug] [2026-03-28T09:34:14.326Z] Accepted request POST /lifelink-20ac5/us-central1/mpesaProxy/access-token --> us-central1-mpesaProxy
[debug] [2026-03-28T09:34:14.326Z] [functions] Runtime ready! Sending request! {"metadata":{"emulator":{"name":"functions"},"message":"[functions] Runtime ready! Sending request!"}}
[debug] [2026-03-28T09:34:14.327Z] [functions] Got req.url=/lifelink-20ac5/us-central1/mpesaProxy/access-token, mapping to path=/access-token {"metadata":{"emulator":{"name":"functions"},"message":"[functions] Got req.url=/lifelink-20ac5/us-central1/mpesaProxy/access-token, mapping to path=/access-token"}}
[info] i  functions: Loaded environment variables from .env. 
[debug] [2026-03-28T09:34:14.337Z] [worker-pool] addWorker(us-central1-mpesaProxy) {"metadata":{"emulator":{"name":"functions"},"message":"[worker-pool] addWorker(us-central1-mpesaProxy)"}}
[debug] [2026-03-28T09:34:14.338Z] [worker-pool] Adding worker with key us-central1-mpesaProxy, total=1 {"metadata":{"emulator":{"name":"functions"},"message":"[worker-pool] Adding worker with key us-central1-mpesaProxy, total=1"}}
[debug] [2026-03-28T09:34:15.045Z] [runtime-status] [23536] Resolved module firebase-admin {"declared":true,"installed":true,"version":"13.7.0","resolution":"C:\\Users\\ashen\\OneDrive\\Desktop\\Cursor_Hackathon\\functions\\node_modules\\firebase-admin\\lib\\index.js"} {"metadata":{"emulator":{"name":"functions"},"function":{"name":"us-central1-mpesaProxy"},"extension":{},"message":"[runtime-status] [23536] Resolved module firebase-admin {\"declared\":true,\"installed\":true,\"version\":\"13.7.0\",\"resolution\":\"C:\\\\Users\\\\ashen\\\\OneDrive\\\\Desktop\\\\Cursor_Hackathon\\\\functions\\\\node_modules\\\\firebase-admin\\\\lib\\\\index.js\"}"}}
[debug] [2026-03-28T09:34:15.045Z] [runtime-status] [23536] Resolved module firebase-functions {"declared":true,"installed":true,"version":"6.6.0","resolution":"C:\\Users\\ashen\\OneDrive\\Desktop\\Cursor_Hackathon\\functions\\node_modules\\firebase-functions\\lib\\v2\\index.js"} {"metadata":{"emulator":{"name":"functions"},"function":{"name":"us-central1-mpesaProxy"},"extension":{},"message":"[runtime-status] [23536] Resolved module firebase-functions {\"declared\":true,\"installed\":true,\"version\":\"6.6.0\",\"resolution\":\"C:\\\\Users\\\\ashen\\\\OneDrive\\\\Desktop\\\\Cursor_Hackathon\\\\functions\\\\node_modules\\\\firebase-functions\\\\lib\\\\v2\\\\index.js\"}"}}
[debug] [2026-03-28T09:34:15.046Z] [runtime-status] [23536] Outgoing network have been stubbed. [{"name":"http","status":"mocked"},{"name":"http","status":"mocked"},{"name":"https","status":"mocked"},{"name":"https","status":"mocked"},{"name":"net","status":"mocked"}] {"metadata":{"emulator":{"name":"functions"},"function":{"name":"us-central1-mpesaProxy"},"extension":{},"message":"[runtime-status] [23536] Outgoing network have been stubbed. [{\"name\":\"http\",\"status\":\"mocked\"},{\"name\":\"http\",\"status\":\"mocked\"},{\"name\":\"https\",\"status\":\"mocked\"},{\"name\":\"https\",\"status\":\"mocked\"},{\"name\":\"net\",\"status\":\"mocked\"}]"}}
[debug] [2026-03-28T09:34:15.046Z] [runtime-status] [23536] Resolved module firebase-functions {"declared":true,"installed":true,"version":"6.6.0","resolution":"C:\\Users\\ashen\\OneDrive\\Desktop\\Cursor_Hackathon\\functions\\node_modules\\firebase-functions\\lib\\v2\\index.js"} {"metadata":{"emulator":{"name":"functions"},"function":{"name":"us-central1-mpesaProxy"},"extension":{},"message":"[runtime-status] [23536] Resolved module firebase-functions {\"declared\":true,\"installed\":true,\"version\":\"6.6.0\",\"resolution\":\"C:\\\\Users\\\\ashen\\\\OneDrive\\\\Desktop\\\\Cursor_Hackathon\\\\functions\\\\node_modules\\\\firebase-functions\\\\lib\\\\v2\\\\index.js\"}"}}
[debug] [2026-03-28T09:34:15.283Z] [runtime-status] [23536] Checked functions.config() {"config":{}} {"metadata":{"emulator":{"name":"functions"},"function":{"name":"us-central1-mpesaProxy"},"extension":{},"message":"[runtime-status] [23536] Checked functions.config() {\"config\":{}}"}}
[debug] [2026-03-28T09:34:15.283Z] [runtime-status] [23536] firebase-functions has been stubbed. {"functionsResolution":{"declared":true,"installed":true,"version":"6.6.0","resolution":"C:\\Users\\ashen\\OneDrive\\Desktop\\Cursor_Hackathon\\functions\\node_modules\\firebase-functions\\lib\\v2\\index.js"}} {"metadata":{"emulator":{"name":"functions"},"function":{"name":"us-central1-mpesaProxy"},"extension":{},"message":"[runtime-status] [23536] firebase-functions has been stubbed. {\"functionsResolution\":{\"declared\":true,\"installed\":true,\"version\":\"6.6.0\",\"resolution\":\"C:\\\\Users\\\\ashen\\\\OneDrive\\\\Desktop\\\\Cursor_Hackathon\\\\functions\\\\node_modules\\\\firebase-functions\\\\lib\\\\v2\\\\index.js\"}}"}}
[debug] [2026-03-28T09:34:15.284Z] [runtime-status] [23536] Resolved module firebase-functions {"declared":true,"installed":true,"version":"6.6.0","resolution":"C:\\Users\\ashen\\OneDrive\\Desktop\\Cursor_Hackathon\\functions\\node_modules\\firebase-functions\\lib\\v2\\index.js"} {"metadata":{"emulator":{"name":"functions"},"function":{"name":"us-central1-mpesaProxy"},"extension":{},"message":"[runtime-status] [23536] Resolved module firebase-functions {\"declared\":true,\"installed\":true,\"version\":\"6.6.0\",\"resolution\":\"C:\\\\Users\\\\ashen\\\\OneDrive\\\\Desktop\\\\Cursor_Hackathon\\\\functions\\\\node_modules\\\\firebase-functions\\\\lib\\\\v2\\\\index.js\"}"}}
[debug] [2026-03-28T09:34:15.287Z] [runtime-status] [23536] Resolved module firebase-admin {"declared":true,"installed":true,"version":"13.7.0","resolution":"C:\\Users\\ashen\\OneDrive\\Desktop\\Cursor_Hackathon\\functions\\node_modules\\firebase-admin\\lib\\index.js"} {"metadata":{"emulator":{"name":"functions"},"function":{"name":"us-central1-mpesaProxy"},"extension":{},"message":"[runtime-status] [23536] Resolved module firebase-admin {\"declared\":true,\"installed\":true,\"version\":\"13.7.0\",\"resolution\":\"C:\\\\Users\\\\ashen\\\\OneDrive\\\\Desktop\\\\Cursor_Hackathon\\\\functions\\\\node_modules\\\\firebase-admin\\\\lib\\\\index.js\"}"}}
[debug] [2026-03-28T09:34:15.289Z] [runtime-status] [23536] Resolved module firebase-functions {"declared":true,"installed":true,"version":"6.6.0","resolution":"C:\\Users\\ashen\\OneDrive\\Desktop\\Cursor_Hackathon\\functions\\node_modules\\firebase-functions\\lib\\v2\\index.js"} {"metadata":{"emulator":{"name":"functions"},"function":{"name":"us-central1-mpesaProxy"},"extension":{},"message":"[runtime-status] [23536] Resolved module firebase-functions {\"declared\":true,\"installed\":true,\"version\":\"6.6.0\",\"resolution\":\"C:\\\\Users\\\\ashen\\\\OneDrive\\\\Desktop\\\\Cursor_Hackathon\\\\functions\\\\node_modules\\\\firebase-functions\\\\lib\\\\v2\\\\index.js\"}"}}
[debug] [2026-03-28T09:34:15.289Z] [runtime-status] [23536] firebase-admin has been stubbed. {"adminResolution":{"declared":true,"installed":true,"version":"13.7.0","resolution":"C:\\Users\\ashen\\OneDrive\\Desktop\\Cursor_Hackathon\\functions\\node_modules\\firebase-admin\\lib\\index.js"}} {"metadata":{"emulator":{"name":"functions"},"function":{"name":"us-central1-mpesaProxy"},"extension":{},"message":"[runtime-status] [23536] firebase-admin has been stubbed. {\"adminResolution\":{\"declared\":true,\"installed\":true,\"version\":\"13.7.0\",\"resolution\":\"C:\\\\Users\\\\ashen\\\\OneDrive\\\\Desktop\\\\Cursor_Hackathon\\\\functions\\\\node_modules\\\\firebase-admin\\\\lib\\\\index.js\"}}"}}
[debug] [2026-03-28T09:34:15.293Z] [runtime-status] [23536] Functions runtime initialized. {"cwd":"C:\\Users\\ashen\\OneDrive\\Desktop\\Cursor_Hackathon\\functions","node_version":"24.14.1"} {"metadata":{"emulator":{"name":"functions"},"function":{"name":"us-central1-mpesaProxy"},"extension":{},"message":"[runtime-status] [23536] Functions runtime initialized. {\"cwd\":\"C:\\\\Users\\\\ashen\\\\OneDrive\\\\Desktop\\\\Cursor_Hackathon\\\\functions\",\"node_version\":\"24.14.1\"}"}}
[debug] [2026-03-28T09:34:15.294Z] [runtime-status] [23536] Listening to port: \\?\pipe\fire_emu_1e17fe53dee4db74 {"metadata":{"emulator":{"name":"functions"},"function":{"name":"us-central1-mpesaProxy"},"extension":{},"message":"[runtime-status] [23536] Listening to port: \\\\?\\pipe\\fire_emu_1e17fe53dee4db74"}}
[debug] [2026-03-28T09:34:15.341Z] [worker-us-central1-mpesaProxy-3de5bec2-82ff-4bd1-8881-53902dfbdea7]: IDLE {"metadata":{"emulator":{"name":"functions"},"function":{"name":"us-central1-mpesaProxy"},"extension":{},"message":"[worker-us-central1-mpesaProxy-3de5bec2-82ff-4bd1-8881-53902dfbdea7]: IDLE"}}
[debug] [2026-03-28T09:34:15.341Z] [worker-pool] submitRequest(triggerId=us-central1-mpesaProxy) {"metadata":{"emulator":{"name":"functions"},"message":"[worker-pool] submitRequest(triggerId=us-central1-mpesaProxy)"}}
[info] i  functions: Beginning execution of "us-central1-mpesaProxy" {"metadata":{"emulator":{"name":"functions"},"function":{"name":"us-central1-mpesaProxy"},"extension":{},"message":"Beginning execution of \"us-central1-mpesaProxy\""}}
[debug] [2026-03-28T09:34:15.343Z] [worker-us-central1-mpesaProxy-3de5bec2-82ff-4bd1-8881-53902dfbdea7]: BUSY {"metadata":{"emulator":{"name":"functions"},"function":{"name":"us-central1-mpesaProxy"},"extension":{},"message":"[worker-us-central1-mpesaProxy-3de5bec2-82ff-4bd1-8881-53902dfbdea7]: BUSY"}}
[debug] [2026-03-28T09:34:16.528Z] Finishing up request with event=pause {"metadata":{"emulator":{"name":"functions"},"function":{"name":"us-central1-mpesaProxy"},"extension":{},"message":"Finishing up request with event=pause"}}
[info] i  functions: Finished "us-central1-mpesaProxy" in 1185.1731ms {"metadata":{"emulator":{"name":"functions"},"function":{"name":"us-central1-mpesaProxy"},"extension":{},"message":"Finished \"us-central1-mpesaProxy\" in 1185.1731ms"}}
[debug] [2026-03-28T09:34:16.528Z] [worker-us-central1-mpesaProxy-3de5bec2-82ff-4bd1-8881-53902dfbdea7]: IDLE {"metadata":{"emulator":{"name":"functions"},"function":{"name":"us-central1-mpesaProxy"},"extension":{},"message":"[worker-us-central1-mpesaProxy-3de5bec2-82ff-4bd1-8881-53902dfbdea7]: IDLE"}}
[debug] [2026-03-28T09:34:16.529Z] Finishing up request with event=finish {"metadata":{"emulator":{"name":"functions"},"function":{"name":"us-central1-mpesaProxy"},"extension":{},"message":"Finishing up request with event=finish"}}
[debug] [2026-03-28T09:34:16.529Z] Finishing up request with event=close {"metadata":{"emulator":{"name":"functions"},"function":{"name":"us-central1-mpesaProxy"},"extension":{},"message":"Finishing up request with event=close"}}
[debug] [2026-03-28T09:34:16.529Z] [work-queue] {"queuedWork":[],"queueLength":0,"runningWork":[],"workRunningCount":0}
[debug] [2026-03-28T09:34:16.585Z] [work-queue] {"queuedWork":["/lifelink-20ac5/us-central1/mpesaProxy/stk-push-2026-03-28T09:34:16.585Z"],"queueLength":1,"runningWork":[],"workRunningCount":0}
[debug] [2026-03-28T09:34:16.586Z] [work-queue] {"queuedWork":[],"queueLength":0,"runningWork":["/lifelink-20ac5/us-central1/mpesaProxy/stk-push-2026-03-28T09:34:16.585Z"],"workRunningCount":1}
[debug] [2026-03-28T09:34:16.586Z] Accepted request POST /lifelink-20ac5/us-central1/mpesaProxy/stk-push --> us-central1-mpesaProxy
[debug] [2026-03-28T09:34:16.586Z] [functions] Runtime ready! Sending request! {"metadata":{"emulator":{"name":"functions"},"message":"[functions] Runtime ready! Sending request!"}}
[debug] [2026-03-28T09:34:16.586Z] [functions] Got req.url=/lifelink-20ac5/us-central1/mpesaProxy/stk-push, mapping to path=/stk-push {"metadata":{"emulator":{"name":"functions"},"message":"[functions] Got req.url=/lifelink-20ac5/us-central1/mpesaProxy/stk-push, mapping to path=/stk-push"}}
[debug] [2026-03-28T09:34:16.586Z] [worker-pool] submitRequest(triggerId=us-central1-mpesaProxy) {"metadata":{"emulator":{"name":"functions"},"message":"[worker-pool] submitRequest(triggerId=us-central1-mpesaProxy)"}}
[info] i  functions: Beginning execution of "us-central1-mpesaProxy" {"metadata":{"emulator":{"name":"functions"},"function":{"name":"us-central1-mpesaProxy"},"extension":{},"message":"Beginning execution of \"us-central1-mpesaProxy\""}}
[debug] [2026-03-28T09:34:16.587Z] [worker-us-central1-mpesaProxy-3de5bec2-82ff-4bd1-8881-53902dfbdea7]: BUSY {"metadata":{"emulator":{"name":"functions"},"function":{"name":"us-central1-mpesaProxy"},"extension":{},"message":"[worker-us-central1-mpesaProxy-3de5bec2-82ff-4bd1-8881-53902dfbdea7]: BUSY"}}
[debug] [2026-03-28T09:34:17.919Z] Finishing up request with event=pause {"metadata":{"emulator":{"name":"functions"},"function":{"name":"us-central1-mpesaProxy"},"extension":{},"message":"Finishing up request with event=pause"}}
[info] i  functions: Finished "us-central1-mpesaProxy" in 1332.7099ms {"metadata":{"emulator":{"name":"functions"},"function":{"name":"us-central1-mpesaProxy"},"extension":{},"message":"Finished \"us-central1-mpesaProxy\" in 1332.7099ms"}}
[debug] [2026-03-28T09:34:17.920Z] [worker-us-central1-mpesaProxy-3de5bec2-82ff-4bd1-8881-53902dfbdea7]: IDLE {"metadata":{"emulator":{"name":"functions"},"function":{"name":"us-central1-mpesaProxy"},"extension":{},"message":"[worker-us-central1-mpesaProxy-3de5bec2-82ff-4bd1-8881-53902dfbdea7]: IDLE"}}
[debug] [2026-03-28T09:34:17.920Z] Finishing up request with event=finish {"metadata":{"emulator":{"name":"functions"},"function":{"name":"us-central1-mpesaProxy"},"extension":{},"message":"Finishing up request with event=finish"}}
[debug] [2026-03-28T09:34:17.921Z] Finishing up request with event=close {"metadata":{"emulator":{"name":"functions"},"function":{"name":"us-central1-mpesaProxy"},"extension":{},"message":"Finishing up request with event=close"}}
[debug] [2026-03-28T09:34:17.921Z] [work-queue] {"queuedWork":[],"queueLength":0,"runningWork":[],"workRunningCount":0}
